<?xml version="1.0" encoding="UTF-8"?>
<!-- Generated by org.testng.reporters.JUnitXMLReporter -->
<testsuite hostname="LT-SUKR" ignored="4" name="Test" tests="3" failures="0" timestamp="2022-08-27T10:00:57 IST" time="42.94" errors="0">
  <testcase name="menuClickTestcase" time="2.307" classname="com.ciklum.testcases.TC001_CreateMainMenu"/>
  <testcase name="productEngineeringTest" time="12.136" classname="com.ciklum.testcases.TC002_ProductengineeringTest"/>
  <testcase name="productEngineeringTest" time="9.043" classname="com.ciklum.testcases.TC003_IndustryWeserveTest"/>
  <testcase name="@AfterSuite stopReport" time="0.0" classname="com.ciklum.utility.Reporter">
    <ignored/>
  </testcase> <!-- @AfterSuite stopReport -->
  <testcase name="@AfterSuite stopReport" time="0.0" classname="com.ciklum.utility.Reporter">
    <ignored/>
  </testcase> <!-- @AfterSuite stopReport -->
  <testcase name="@BeforeSuite startReport" time="0.0" classname="com.ciklum.utility.Reporter">
    <ignored/>
  </testcase> <!-- @BeforeSuite startReport -->
  <testcase name="@BeforeSuite startReport" time="0.0" classname="com.ciklum.utility.Reporter">
    <ignored/>
  </testcase> <!-- @BeforeSuite startReport -->
</testsuite> <!-- Test -->
